This file contains any messages produced by compilers while
running configure, to aid debugging if configure makes a mistake.

It was created by configure, which was
generated by GNU Autoconf 2.63.  Invocation command line was

  $ ./configure 

## --------- ##
## Platform. ##
## --------- ##

hostname = matt-desktop
uname -m = i686
uname -r = 2.6.35-22-generic-pae
uname -s = Linux
uname -v = #35-Ubuntu SMP Sat Oct 16 22:16:51 UTC 2010

/usr/bin/uname -p = unknown
/bin/uname -X     = unknown

/bin/arch              = unknown
/usr/bin/arch -k       = unknown
/usr/convex/getsysinfo = unknown
/usr/bin/hostinfo      = unknown
/bin/machine           = unknown
/usr/bin/oslevel       = unknown
/bin/universe          = unknown

PATH: /usr/local/sbin
PATH: /usr/local/bin
PATH: /usr/sbin
PATH: /usr/bin
PATH: /sbin
PATH: /bin
PATH: /usr/games


## ----------- ##
## Core tests. ##
## ----------- ##

configure:1896: checking build system type
configure:1914: result: i686-pc-linux-gnu
configure:1936: checking host system type
configure:1951: result: i686-pc-linux-gnu
configure:1973: checking target system type
configure:1988: result: i686-pc-linux-gnu
configure:2032: checking for a BSD-compatible install
configure:2100: result: /usr/bin/install -c
configure:2111: checking whether build environment is sane
configure:2154: result: yes
configure:2216: checking for gawk
configure:2246: result: no
configure:2216: checking for mawk
configure:2232: found /usr/bin/mawk
configure:2243: result: mawk
configure:2254: checking whether make sets $(MAKE)
configure:2276: result: yes
configure:2451: result: linux
configure:2521: checking for gcc
configure:2537: found /usr/bin/gcc
configure:2548: result: gcc
configure:2780: checking for C compiler version
configure:2788: gcc --version >&5
gcc (Ubuntu/Linaro 4.4.4-14ubuntu5) 4.4.5
Copyright (C) 2010 Free Software Foundation, Inc.
This is free software; see the source for copying conditions.  There is NO
warranty; not even for MERCHANTABILITY or FITNESS FOR A PARTICULAR PURPOSE.

configure:2792: $? = 0
configure:2799: gcc -v >&5
Using built-in specs.
Target: i686-linux-gnu
Configured with: ../src/configure -v --with-pkgversion='Ubuntu/Linaro 4.4.4-14ubuntu5' --with-bugurl=file:///usr/share/doc/gcc-4.4/README.Bugs --enable-languages=c,c++,fortran,objc,obj-c++ --prefix=/usr --program-suffix=-4.4 --enable-shared --enable-multiarch --enable-linker-build-id --with-system-zlib --libexecdir=/usr/lib --without-included-gettext --enable-threads=posix --with-gxx-include-dir=/usr/include/c++/4.4 --libdir=/usr/lib --enable-nls --with-sysroot=/ --enable-clocale=gnu --enable-libstdcxx-debug --enable-objc-gc --enable-targets=all --disable-werror --with-arch-32=i686 --with-tune=generic --enable-checking=release --build=i686-linux-gnu --host=i686-linux-gnu --target=i686-linux-gnu
Thread model: posix
gcc version 4.4.5 (Ubuntu/Linaro 4.4.4-14ubuntu5) 
configure:2803: $? = 0
configure:2810: gcc -V >&5
gcc: '-V' option must have argument
configure:2814: $? = 1
configure:2837: checking for C compiler default output file name
configure:2859: gcc    conftest.c  >&5
configure:2863: $? = 0
configure:2901: result: a.out
configure:2920: checking whether the C compiler works
configure:2930: ./a.out
configure:2934: $? = 0
configure:2953: result: yes
configure:2960: checking whether we are cross compiling
configure:2962: result: no
configure:2965: checking for suffix of executables
configure:2972: gcc -o conftest    conftest.c  >&5
configure:2976: $? = 0
configure:3002: result: 
configure:3008: checking for suffix of object files
configure:3034: gcc -c   conftest.c >&5
configure:3038: $? = 0
configure:3063: result: o
configure:3067: checking whether we are using the GNU C compiler
configure:3096: gcc -c   conftest.c >&5
configure:3103: $? = 0
configure:3120: result: yes
configure:3129: checking whether gcc accepts -g
configure:3159: gcc -c -g  conftest.c >&5
configure:3166: $? = 0
configure:3267: result: yes
configure:3284: checking for gcc option to accept ISO C89
configure:3358: gcc  -c -g -O2  conftest.c >&5
configure:3365: $? = 0
configure:3388: result: none needed
configure:3417: checking for style of include used by make
configure:3445: result: GNU
configure:3473: checking dependency style of gcc
configure:3563: result: gcc3
configure:3595: checking for a BSD-compatible install
configure:3663: result: /usr/bin/install -c
configure:3676: checking for rm
configure:3694: found /bin/rm
configure:3707: result: /bin/rm
configure:3722: checking for sed
configure:3740: found /bin/sed
configure:3753: result: /bin/sed
configure:3768: checking for ln
configure:3786: found /bin/ln
configure:3798: result: /bin/ln
configure:3810: checking for bison
configure:3840: result: no
configure:3810: checking for byacc
configure:3840: result: no
configure:3854: checking for flex
configure:3884: result: no
configure:3854: checking for lex
configure:3884: result: no
configure:4068: checking for tar
configure:4086: found /bin/tar
configure:4098: result: /bin/tar
configure:4108: checking for gzip
configure:4126: found /bin/gzip
configure:4138: result: /bin/gzip
configure:4147: checking where to put logfile
configure:4157: result: /var/log/radvd.log
configure:4160: checking where to put pidfile
configure:4170: result: /var/run/radvd.pid
configure:4173: checking where to find configfile
configure:4183: result: ${prefix}/etc/radvd.conf
configure:4186: checking which syslog facility to use
configure:4196: result: LOG_DAEMON
configure:4201: checking for inet_ntop in -lc
configure:4236: gcc -o conftest -g -O2   conftest.c -lc   >&5
configure:4243: $? = 0
configure:4264: result: yes
configure:4360: checking how to run the C preprocessor
configure:4400: gcc -E  conftest.c
configure:4407: $? = 0
configure:4438: gcc -E  conftest.c
conftest.c:9: fatal error: ac_nonexistent.h: No such file or directory
compilation terminated.
configure:4445: $? = 1
configure: failed program was:
| /* confdefs.h.  */
| #define PACKAGE_NAME ""
| #define PACKAGE_TARNAME ""
| #define PACKAGE_VERSION ""
| #define PACKAGE_STRING ""
| #define PACKAGE_BUGREPORT ""
| #define HAVE_LIBC 1
| /* end confdefs.h.  */
| #include <ac_nonexistent.h>
configure:4478: result: gcc -E
configure:4507: gcc -E  conftest.c
configure:4514: $? = 0
configure:4545: gcc -E  conftest.c
conftest.c:9: fatal error: ac_nonexistent.h: No such file or directory
compilation terminated.
configure:4552: $? = 1
configure: failed program was:
| /* confdefs.h.  */
| #define PACKAGE_NAME ""
| #define PACKAGE_TARNAME ""
| #define PACKAGE_VERSION ""
| #define PACKAGE_STRING ""
| #define PACKAGE_BUGREPORT ""
| #define HAVE_LIBC 1
| /* end confdefs.h.  */
| #include <ac_nonexistent.h>
configure:4592: checking for grep that handles long lines and -e
configure:4652: result: /bin/grep
configure:4657: checking for egrep
configure:4721: result: /bin/grep -E
configure:4726: checking for ANSI C header files
configure:4756: gcc -c -g -O2  conftest.c >&5
configure:4763: $? = 0
configure:4862: gcc -o conftest -g -O2   conftest.c -lc  >&5
configure:4866: $? = 0
configure:4872: ./conftest
configure:4876: $? = 0
configure:4894: result: yes
configure:4918: checking for sys/types.h
configure:4939: gcc -c -g -O2  conftest.c >&5
configure:4946: $? = 0
configure:4963: result: yes
configure:4918: checking for sys/stat.h
configure:4939: gcc -c -g -O2  conftest.c >&5
configure:4946: $? = 0
configure:4963: result: yes
configure:4918: checking for stdlib.h
configure:4939: gcc -c -g -O2  conftest.c >&5
configure:4946: $? = 0
configure:4963: result: yes
configure:4918: checking for string.h
configure:4939: gcc -c -g -O2  conftest.c >&5
configure:4946: $? = 0
configure:4963: result: yes
configure:4918: checking for memory.h
configure:4939: gcc -c -g -O2  conftest.c >&5
configure:4946: $? = 0
configure:4963: result: yes
configure:4918: checking for strings.h
configure:4939: gcc -c -g -O2  conftest.c >&5
configure:4946: $? = 0
configure:4963: result: yes
configure:4918: checking for inttypes.h
configure:4939: gcc -c -g -O2  conftest.c >&5
configure:4946: $? = 0
configure:4963: result: yes
configure:4918: checking for stdint.h
configure:4939: gcc -c -g -O2  conftest.c >&5
configure:4946: $? = 0
configure:4963: result: yes
configure:4918: checking for unistd.h
configure:4939: gcc -c -g -O2  conftest.c >&5
configure:4946: $? = 0
configure:4963: result: yes
configure:4993: checking sys/time.h usability
configure:5010: gcc -c -g -O2  conftest.c >&5
configure:5017: $? = 0
configure:5031: result: yes
configure:5035: checking sys/time.h presence
configure:5050: gcc -E  conftest.c
configure:5057: $? = 0
configure:5071: result: yes
configure:5099: checking for sys/time.h
configure:5108: result: yes
configure:5123: checking whether time.h and sys/time.h may both be included
configure:5153: gcc -c -g -O2  conftest.c >&5
configure:5160: $? = 0
configure:5175: result: yes
configure:5196: checking netinet/ip6.h usability
configure:5213: gcc -c -g -O2  conftest.c >&5
configure:5220: $? = 0
configure:5234: result: yes
configure:5238: checking netinet/ip6.h presence
configure:5253: gcc -E  conftest.c
configure:5260: $? = 0
configure:5274: result: yes
configure:5302: checking for netinet/ip6.h
configure:5309: result: yes
configure:5482: checking ifaddrs.h usability
configure:5499: gcc -c -g -O2  conftest.c >&5
configure:5506: $? = 0
configure:5520: result: yes
configure:5524: checking ifaddrs.h presence
configure:5539: gcc -E  conftest.c
configure:5546: $? = 0
configure:5560: result: yes
configure:5588: checking for ifaddrs.h
configure:5597: result: yes
configure:5482: checking sys/sockio.h usability
configure:5499: gcc -c -g -O2  conftest.c >&5
conftest.c:55: fatal error: sys/sockio.h: No such file or directory
compilation terminated.
configure:5506: $? = 1
configure: failed program was:
| /* confdefs.h.  */
| #define PACKAGE_NAME ""
| #define PACKAGE_TARNAME ""
| #define PACKAGE_VERSION ""
| #define PACKAGE_STRING ""
| #define PACKAGE_BUGREPORT ""
| #define HAVE_LIBC 1
| #define STDC_HEADERS 1
| #define HAVE_SYS_TYPES_H 1
| #define HAVE_SYS_STAT_H 1
| #define HAVE_STDLIB_H 1
| #define HAVE_STRING_H 1
| #define HAVE_MEMORY_H 1
| #define HAVE_STRINGS_H 1
| #define HAVE_INTTYPES_H 1
| #define HAVE_STDINT_H 1
| #define HAVE_UNISTD_H 1
| #define HAVE_SYS_TIME_H 1
| #define TIME_WITH_SYS_TIME 1
| #define HAVE_IFADDRS_H 1
| /* end confdefs.h.  */
| #include <stdio.h>
| #ifdef HAVE_SYS_TYPES_H
| # include <sys/types.h>
| #endif
| #ifdef HAVE_SYS_STAT_H
| # include <sys/stat.h>
| #endif
| #ifdef STDC_HEADERS
| # include <stdlib.h>
| # include <stddef.h>
| #else
| # ifdef HAVE_STDLIB_H
| #  include <stdlib.h>
| # endif
| #endif
| #ifdef HAVE_STRING_H
| # if !defined STDC_HEADERS && defined HAVE_MEMORY_H
| #  include <memory.h>
| # endif
| # include <string.h>
| #endif
| #ifdef HAVE_STRINGS_H
| # include <strings.h>
| #endif
| #ifdef HAVE_INTTYPES_H
| # include <inttypes.h>
| #endif
| #ifdef HAVE_STDINT_H
| # include <stdint.h>
| #endif
| #ifdef HAVE_UNISTD_H
| # include <unistd.h>
| #endif
| #include <sys/sockio.h>
configure:5520: result: no
configure:5524: checking sys/sockio.h presence
configure:5539: gcc -E  conftest.c
conftest.c:22: fatal error: sys/sockio.h: No such file or directory
compilation terminated.
configure:5546: $? = 1
configure: failed program was:
| /* confdefs.h.  */
| #define PACKAGE_NAME ""
| #define PACKAGE_TARNAME ""
| #define PACKAGE_VERSION ""
| #define PACKAGE_STRING ""
| #define PACKAGE_BUGREPORT ""
| #define HAVE_LIBC 1
| #define STDC_HEADERS 1
| #define HAVE_SYS_TYPES_H 1
| #define HAVE_SYS_STAT_H 1
| #define HAVE_STDLIB_H 1
| #define HAVE_STRING_H 1
| #define HAVE_MEMORY_H 1
| #define HAVE_STRINGS_H 1
| #define HAVE_INTTYPES_H 1
| #define HAVE_STDINT_H 1
| #define HAVE_UNISTD_H 1
| #define HAVE_SYS_TIME_H 1
| #define TIME_WITH_SYS_TIME 1
| #define HAVE_IFADDRS_H 1
| /* end confdefs.h.  */
| #include <sys/sockio.h>
configure:5560: result: no
configure:5588: checking for sys/sockio.h
configure:5597: result: no
configure:5482: checking getopt.h usability
configure:5499: gcc -c -g -O2  conftest.c >&5
configure:5506: $? = 0
configure:5520: result: yes
configure:5524: checking getopt.h presence
configure:5539: gcc -E  conftest.c
configure:5546: $? = 0
configure:5560: result: yes
configure:5588: checking for getopt.h
configure:5597: result: yes
configure:5471: checking for inttypes.h
configure:5478: result: yes
configure:5630: checking net/if_dl.h usability
configure:5647: gcc -c -g -O2  conftest.c >&5
conftest.c:57: fatal error: net/if_dl.h: No such file or directory
compilation terminated.
configure:5654: $? = 1
configure: failed program was:
| /* confdefs.h.  */
| #define PACKAGE_NAME ""
| #define PACKAGE_TARNAME ""
| #define PACKAGE_VERSION ""
| #define PACKAGE_STRING ""
| #define PACKAGE_BUGREPORT ""
| #define HAVE_LIBC 1
| #define STDC_HEADERS 1
| #define HAVE_SYS_TYPES_H 1
| #define HAVE_SYS_STAT_H 1
| #define HAVE_STDLIB_H 1
| #define HAVE_STRING_H 1
| #define HAVE_MEMORY_H 1
| #define HAVE_STRINGS_H 1
| #define HAVE_INTTYPES_H 1
| #define HAVE_STDINT_H 1
| #define HAVE_UNISTD_H 1
| #define HAVE_SYS_TIME_H 1
| #define TIME_WITH_SYS_TIME 1
| #define HAVE_IFADDRS_H 1
| #define HAVE_GETOPT_H 1
| #define HAVE_INTTYPES_H 1
| /* end confdefs.h.  */
| #include <stdio.h>
| #ifdef HAVE_SYS_TYPES_H
| # include <sys/types.h>
| #endif
| #ifdef HAVE_SYS_STAT_H
| # include <sys/stat.h>
| #endif
| #ifdef STDC_HEADERS
| # include <stdlib.h>
| # include <stddef.h>
| #else
| # ifdef HAVE_STDLIB_H
| #  include <stdlib.h>
| # endif
| #endif
| #ifdef HAVE_STRING_H
| # if !defined STDC_HEADERS && defined HAVE_MEMORY_H
| #  include <memory.h>
| # endif
| # include <string.h>
| #endif
| #ifdef HAVE_STRINGS_H
| # include <strings.h>
| #endif
| #ifdef HAVE_INTTYPES_H
| # include <inttypes.h>
| #endif
| #ifdef HAVE_STDINT_H
| # include <stdint.h>
| #endif
| #ifdef HAVE_UNISTD_H
| # include <unistd.h>
| #endif
| #include <net/if_dl.h>
configure:5668: result: no
configure:5672: checking net/if_dl.h presence
configure:5687: gcc -E  conftest.c
conftest.c:24: fatal error: net/if_dl.h: No such file or directory
compilation terminated.
configure:5694: $? = 1
configure: failed program was:
| /* confdefs.h.  */
| #define PACKAGE_NAME ""
| #define PACKAGE_TARNAME ""
| #define PACKAGE_VERSION ""
| #define PACKAGE_STRING ""
| #define PACKAGE_BUGREPORT ""
| #define HAVE_LIBC 1
| #define STDC_HEADERS 1
| #define HAVE_SYS_TYPES_H 1
| #define HAVE_SYS_STAT_H 1
| #define HAVE_STDLIB_H 1
| #define HAVE_STRING_H 1
| #define HAVE_MEMORY_H 1
| #define HAVE_STRINGS_H 1
| #define HAVE_INTTYPES_H 1
| #define HAVE_STDINT_H 1
| #define HAVE_UNISTD_H 1
| #define HAVE_SYS_TIME_H 1
| #define TIME_WITH_SYS_TIME 1
| #define HAVE_IFADDRS_H 1
| #define HAVE_GETOPT_H 1
| #define HAVE_INTTYPES_H 1
| /* end confdefs.h.  */
| #include <net/if_dl.h>
configure:5708: result: no
configure:5736: checking for net/if_dl.h
configure:5745: result: no
configure:5630: checking net/if_types.h usability
configure:5647: gcc -c -g -O2  conftest.c >&5
conftest.c:57: fatal error: net/if_types.h: No such file or directory
compilation terminated.
configure:5654: $? = 1
configure: failed program was:
| /* confdefs.h.  */
| #define PACKAGE_NAME ""
| #define PACKAGE_TARNAME ""
| #define PACKAGE_VERSION ""
| #define PACKAGE_STRING ""
| #define PACKAGE_BUGREPORT ""
| #define HAVE_LIBC 1
| #define STDC_HEADERS 1
| #define HAVE_SYS_TYPES_H 1
| #define HAVE_SYS_STAT_H 1
| #define HAVE_STDLIB_H 1
| #define HAVE_STRING_H 1
| #define HAVE_MEMORY_H 1
| #define HAVE_STRINGS_H 1
| #define HAVE_INTTYPES_H 1
| #define HAVE_STDINT_H 1
| #define HAVE_UNISTD_H 1
| #define HAVE_SYS_TIME_H 1
| #define TIME_WITH_SYS_TIME 1
| #define HAVE_IFADDRS_H 1
| #define HAVE_GETOPT_H 1
| #define HAVE_INTTYPES_H 1
| /* end confdefs.h.  */
| #include <stdio.h>
| #ifdef HAVE_SYS_TYPES_H
| # include <sys/types.h>
| #endif
| #ifdef HAVE_SYS_STAT_H
| # include <sys/stat.h>
| #endif
| #ifdef STDC_HEADERS
| # include <stdlib.h>
| # include <stddef.h>
| #else
| # ifdef HAVE_STDLIB_H
| #  include <stdlib.h>
| # endif
| #endif
| #ifdef HAVE_STRING_H
| # if !defined STDC_HEADERS && defined HAVE_MEMORY_H
| #  include <memory.h>
| # endif
| # include <string.h>
| #endif
| #ifdef HAVE_STRINGS_H
| # include <strings.h>
| #endif
| #ifdef HAVE_INTTYPES_H
| # include <inttypes.h>
| #endif
| #ifdef HAVE_STDINT_H
| # include <stdint.h>
| #endif
| #ifdef HAVE_UNISTD_H
| # include <unistd.h>
| #endif
| #include <net/if_types.h>
configure:5668: result: no
configure:5672: checking net/if_types.h presence
configure:5687: gcc -E  conftest.c
conftest.c:24: fatal error: net/if_types.h: No such file or directory
compilation terminated.
configure:5694: $? = 1
configure: failed program was:
| /* confdefs.h.  */
| #define PACKAGE_NAME ""
| #define PACKAGE_TARNAME ""
| #define PACKAGE_VERSION ""
| #define PACKAGE_STRING ""
| #define PACKAGE_BUGREPORT ""
| #define HAVE_LIBC 1
| #define STDC_HEADERS 1
| #define HAVE_SYS_TYPES_H 1
| #define HAVE_SYS_STAT_H 1
| #define HAVE_STDLIB_H 1
| #define HAVE_STRING_H 1
| #define HAVE_MEMORY_H 1
| #define HAVE_STRINGS_H 1
| #define HAVE_INTTYPES_H 1
| #define HAVE_STDINT_H 1
| #define HAVE_UNISTD_H 1
| #define HAVE_SYS_TIME_H 1
| #define TIME_WITH_SYS_TIME 1
| #define HAVE_IFADDRS_H 1
| #define HAVE_GETOPT_H 1
| #define HAVE_INTTYPES_H 1
| /* end confdefs.h.  */
| #include <net/if_types.h>
configure:5708: result: no
configure:5736: checking for net/if_types.h
configure:5745: result: no
configure:5630: checking net/if_arp.h usability
configure:5647: gcc -c -g -O2  conftest.c >&5
configure:5654: $? = 0
configure:5668: result: yes
configure:5672: checking net/if_arp.h presence
configure:5687: gcc -E  conftest.c
configure:5694: $? = 0
configure:5708: result: yes
configure:5736: checking for net/if_arp.h
configure:5745: result: yes
configure:5776: checking sys/param.h usability
configure:5793: gcc -c -g -O2  conftest.c >&5
configure:5800: $? = 0
configure:5814: result: yes
configure:5818: checking sys/param.h presence
configure:5833: gcc -E  conftest.c
configure:5840: $? = 0
configure:5854: result: yes
configure:5882: checking for sys/param.h
configure:5891: result: yes
configure:5922: checking machine/param.h usability
configure:5939: gcc -c -g -O2  conftest.c >&5
conftest.c:59: fatal error: machine/param.h: No such file or directory
compilation terminated.
configure:5946: $? = 1
configure: failed program was:
| /* confdefs.h.  */
| #define PACKAGE_NAME ""
| #define PACKAGE_TARNAME ""
| #define PACKAGE_VERSION ""
| #define PACKAGE_STRING ""
| #define PACKAGE_BUGREPORT ""
| #define HAVE_LIBC 1
| #define STDC_HEADERS 1
| #define HAVE_SYS_TYPES_H 1
| #define HAVE_SYS_STAT_H 1
| #define HAVE_STDLIB_H 1
| #define HAVE_STRING_H 1
| #define HAVE_MEMORY_H 1
| #define HAVE_STRINGS_H 1
| #define HAVE_INTTYPES_H 1
| #define HAVE_STDINT_H 1
| #define HAVE_UNISTD_H 1
| #define HAVE_SYS_TIME_H 1
| #define TIME_WITH_SYS_TIME 1
| #define HAVE_IFADDRS_H 1
| #define HAVE_GETOPT_H 1
| #define HAVE_INTTYPES_H 1
| #define HAVE_NET_IF_ARP_H 1
| #define HAVE_SYS_PARAM_H 1
| /* end confdefs.h.  */
| #include <stdio.h>
| #ifdef HAVE_SYS_TYPES_H
| # include <sys/types.h>
| #endif
| #ifdef HAVE_SYS_STAT_H
| # include <sys/stat.h>
| #endif
| #ifdef STDC_HEADERS
| # include <stdlib.h>
| # include <stddef.h>
| #else
| # ifdef HAVE_STDLIB_H
| #  include <stdlib.h>
| # endif
| #endif
| #ifdef HAVE_STRING_H
| # if !defined STDC_HEADERS && defined HAVE_MEMORY_H
| #  include <memory.h>
| # endif
| # include <string.h>
| #endif
| #ifdef HAVE_STRINGS_H
| # include <strings.h>
| #endif
| #ifdef HAVE_INTTYPES_H
| # include <inttypes.h>
| #endif
| #ifdef HAVE_STDINT_H
| # include <stdint.h>
| #endif
| #ifdef HAVE_UNISTD_H
| # include <unistd.h>
| #endif
| #include <machine/param.h>
configure:5960: result: no
configure:5964: checking machine/param.h presence
configure:5979: gcc -E  conftest.c
conftest.c:26: fatal error: machine/param.h: No such file or directory
compilation terminated.
configure:5986: $? = 1
configure: failed program was:
| /* confdefs.h.  */
| #define PACKAGE_NAME ""
| #define PACKAGE_TARNAME ""
| #define PACKAGE_VERSION ""
| #define PACKAGE_STRING ""
| #define PACKAGE_BUGREPORT ""
| #define HAVE_LIBC 1
| #define STDC_HEADERS 1
| #define HAVE_SYS_TYPES_H 1
| #define HAVE_SYS_STAT_H 1
| #define HAVE_STDLIB_H 1
| #define HAVE_STRING_H 1
| #define HAVE_MEMORY_H 1
| #define HAVE_STRINGS_H 1
| #define HAVE_INTTYPES_H 1
| #define HAVE_STDINT_H 1
| #define HAVE_UNISTD_H 1
| #define HAVE_SYS_TIME_H 1
| #define TIME_WITH_SYS_TIME 1
| #define HAVE_IFADDRS_H 1
| #define HAVE_GETOPT_H 1
| #define HAVE_INTTYPES_H 1
| #define HAVE_NET_IF_ARP_H 1
| #define HAVE_SYS_PARAM_H 1
| /* end confdefs.h.  */
| #include <machine/param.h>
configure:6000: result: no
configure:6028: checking for machine/param.h
configure:6037: result: no
configure:6068: checking machine/limits.h usability
configure:6085: gcc -c -g -O2  conftest.c >&5
conftest.c:59: fatal error: machine/limits.h: No such file or directory
compilation terminated.
configure:6092: $? = 1
configure: failed program was:
| /* confdefs.h.  */
| #define PACKAGE_NAME ""
| #define PACKAGE_TARNAME ""
| #define PACKAGE_VERSION ""
| #define PACKAGE_STRING ""
| #define PACKAGE_BUGREPORT ""
| #define HAVE_LIBC 1
| #define STDC_HEADERS 1
| #define HAVE_SYS_TYPES_H 1
| #define HAVE_SYS_STAT_H 1
| #define HAVE_STDLIB_H 1
| #define HAVE_STRING_H 1
| #define HAVE_MEMORY_H 1
| #define HAVE_STRINGS_H 1
| #define HAVE_INTTYPES_H 1
| #define HAVE_STDINT_H 1
| #define HAVE_UNISTD_H 1
| #define HAVE_SYS_TIME_H 1
| #define TIME_WITH_SYS_TIME 1
| #define HAVE_IFADDRS_H 1
| #define HAVE_GETOPT_H 1
| #define HAVE_INTTYPES_H 1
| #define HAVE_NET_IF_ARP_H 1
| #define HAVE_SYS_PARAM_H 1
| /* end confdefs.h.  */
| #include <stdio.h>
| #ifdef HAVE_SYS_TYPES_H
| # include <sys/types.h>
| #endif
| #ifdef HAVE_SYS_STAT_H
| # include <sys/stat.h>
| #endif
| #ifdef STDC_HEADERS
| # include <stdlib.h>
| # include <stddef.h>
| #else
| # ifdef HAVE_STDLIB_H
| #  include <stdlib.h>
| # endif
| #endif
| #ifdef HAVE_STRING_H
| # if !defined STDC_HEADERS && defined HAVE_MEMORY_H
| #  include <memory.h>
| # endif
| # include <string.h>
| #endif
| #ifdef HAVE_STRINGS_H
| # include <strings.h>
| #endif
| #ifdef HAVE_INTTYPES_H
| # include <inttypes.h>
| #endif
| #ifdef HAVE_STDINT_H
| # include <stdint.h>
| #endif
| #ifdef HAVE_UNISTD_H
| # include <unistd.h>
| #endif
| #include <machine/limits.h>
configure:6106: result: no
configure:6110: checking machine/limits.h presence
configure:6125: gcc -E  conftest.c
conftest.c:26: fatal error: machine/limits.h: No such file or directory
compilation terminated.
configure:6132: $? = 1
configure: failed program was:
| /* confdefs.h.  */
| #define PACKAGE_NAME ""
| #define PACKAGE_TARNAME ""
| #define PACKAGE_VERSION ""
| #define PACKAGE_STRING ""
| #define PACKAGE_BUGREPORT ""
| #define HAVE_LIBC 1
| #define STDC_HEADERS 1
| #define HAVE_SYS_TYPES_H 1
| #define HAVE_SYS_STAT_H 1
| #define HAVE_STDLIB_H 1
| #define HAVE_STRING_H 1
| #define HAVE_MEMORY_H 1
| #define HAVE_STRINGS_H 1
| #define HAVE_INTTYPES_H 1
| #define HAVE_STDINT_H 1
| #define HAVE_UNISTD_H 1
| #define HAVE_SYS_TIME_H 1
| #define TIME_WITH_SYS_TIME 1
| #define HAVE_IFADDRS_H 1
| #define HAVE_GETOPT_H 1
| #define HAVE_INTTYPES_H 1
| #define HAVE_NET_IF_ARP_H 1
| #define HAVE_SYS_PARAM_H 1
| /* end confdefs.h.  */
| #include <machine/limits.h>
configure:6146: result: no
configure:6174: checking for machine/limits.h
configure:6183: result: no
configure:6199: checking for an ANSI C-conforming const
configure:6274: gcc -c -g -O2  conftest.c >&5
configure:6281: $? = 0
configure:6296: result: yes
configure:6307: checking whether struct sockaddr_in6 has sin6_scope_id
configure:6332: gcc -c -g -O2  conftest.c >&5
configure:6339: $? = 0
configure:6344: result: yes
configure:6360: checking whether struct in6_addr has u6_addrXX and defines s6_addrXX
configure:6384: gcc -c -g -O2  conftest.c >&5
conftest.c: In function 'main':
conftest.c:32: warning: initialization makes integer from pointer without a cast
configure:6391: $? = 0
configure:6396: result: yes
configure:6416: checking for getopt_long
configure:6472: gcc -o conftest -g -O2   conftest.c -lc  >&5
configure:6479: $? = 0
configure:6501: result: yes
configure:6659: creating ./config.status

## ---------------------- ##
## Running config.status. ##
## ---------------------- ##

This file was extended by config.status, which was
generated by GNU Autoconf 2.63.  Invocation command line was

  CONFIG_FILES    = 
  CONFIG_HEADERS  = 
  CONFIG_LINKS    = 
  CONFIG_COMMANDS = 
  $ ./config.status 

on matt-desktop

config.status:808: creating Makefile
config.status:808: creating config.h
config.status:1087: linking device-linux.c to device.c
config.status:1087: linking privsep-linux.c to privsep.c
config.status:1110: executing depfiles commands

## ---------------- ##
## Cache variables. ##
## ---------------- ##

ac_cv_build=i686-pc-linux-gnu
ac_cv_c_compiler_gnu=yes
ac_cv_c_const=yes
ac_cv_env_CC_set=
ac_cv_env_CC_value=
ac_cv_env_CFLAGS_set=
ac_cv_env_CFLAGS_value=
ac_cv_env_CPPFLAGS_set=
ac_cv_env_CPPFLAGS_value=
ac_cv_env_CPP_set=
ac_cv_env_CPP_value=
ac_cv_env_LDFLAGS_set=
ac_cv_env_LDFLAGS_value=
ac_cv_env_LIBS_set=
ac_cv_env_LIBS_value=
ac_cv_env_YACC_set=
ac_cv_env_YACC_value=
ac_cv_env_YFLAGS_set=
ac_cv_env_YFLAGS_value=
ac_cv_env_build_alias_set=
ac_cv_env_build_alias_value=
ac_cv_env_host_alias_set=
ac_cv_env_host_alias_value=
ac_cv_env_target_alias_set=
ac_cv_env_target_alias_value=
ac_cv_func_getopt_long=yes
ac_cv_header_getopt_h=yes
ac_cv_header_ifaddrs_h=yes
ac_cv_header_inttypes_h=yes
ac_cv_header_machine_limits_h=no
ac_cv_header_machine_param_h=no
ac_cv_header_memory_h=yes
ac_cv_header_net_if_arp_h=yes
ac_cv_header_net_if_dl_h=no
ac_cv_header_net_if_types_h=no
ac_cv_header_netinet_ip6_h=yes
ac_cv_header_stdc=yes
ac_cv_header_stdint_h=yes
ac_cv_header_stdlib_h=yes
ac_cv_header_string_h=yes
ac_cv_header_strings_h=yes
ac_cv_header_sys_param_h=yes
ac_cv_header_sys_sockio_h=no
ac_cv_header_sys_stat_h=yes
ac_cv_header_sys_time_h=yes
ac_cv_header_sys_types_h=yes
ac_cv_header_time=yes
ac_cv_header_unistd_h=yes
ac_cv_host=i686-pc-linux-gnu
ac_cv_lib_c_inet_ntop=yes
ac_cv_objext=o
ac_cv_path_EGREP='/bin/grep -E'
ac_cv_path_GREP=/bin/grep
ac_cv_path_GZIP=/bin/gzip
ac_cv_path_LN=/bin/ln
ac_cv_path_RM=/bin/rm
ac_cv_path_SED=/bin/sed
ac_cv_path_TAR=/bin/tar
ac_cv_path_install='/usr/bin/install -c'
ac_cv_prog_AWK=mawk
ac_cv_prog_CPP='gcc -E'
ac_cv_prog_ac_ct_CC=gcc
ac_cv_prog_cc_c89=
ac_cv_prog_cc_g=yes
ac_cv_prog_make_make_set=yes
ac_cv_target=i686-pc-linux-gnu
am_cv_CC_dependencies_compiler_type=gcc3

## ----------------- ##
## Output variables. ##
## ----------------- ##

ACLOCAL='${SHELL} /home/matt/code/NPPlusPlus/radvd-np/missing --run aclocal-1.9'
AMDEPBACKSLASH='\'
AMDEP_FALSE='#'
AMDEP_TRUE=''
AMTAR='${SHELL} /home/matt/code/NPPlusPlus/radvd-np/missing --run tar'
AUTOCONF='${SHELL} /home/matt/code/NPPlusPlus/radvd-np/missing --run autoconf'
AUTOHEADER='${SHELL} /home/matt/code/NPPlusPlus/radvd-np/missing --run autoheader'
AUTOMAKE='${SHELL} /home/matt/code/NPPlusPlus/radvd-np/missing --run automake-1.9'
AWK='mawk'
CC='gcc'
CCDEPMODE='depmode=gcc3'
CFLAGS='-g -O2'
CPP='gcc -E'
CPPFLAGS=''
CYGPATH_W='echo'
DEFS='-DHAVE_CONFIG_H'
DEPDIR='.deps'
ECHO_C=''
ECHO_N='-n'
ECHO_T=''
EGREP='/bin/grep -E'
EXEEXT=''
GREP='/bin/grep'
GZIP='/bin/gzip'
INSTALL_DATA='${INSTALL} -m 644'
INSTALL_PROGRAM='${INSTALL}'
INSTALL_SCRIPT='${INSTALL}'
INSTALL_STRIP_PROGRAM='${SHELL} $(install_sh) -c -s'
LDFLAGS=''
LEX='${SHELL} /home/matt/code/NPPlusPlus/radvd-np/missing --run flex'
LEXLIB=''
LEX_OUTPUT_ROOT=''
LIBOBJS=''
LIBS='-lc '
LN='/bin/ln'
LOG_FACILITY='LOG_DAEMON'
LTLIBOBJS=''
MAKEINFO='${SHELL} /home/matt/code/NPPlusPlus/radvd-np/missing --run makeinfo'
OBJEXT='o'
PACKAGE='radvd'
PACKAGE_BUGREPORT=''
PACKAGE_NAME=''
PACKAGE_STRING=''
PACKAGE_TARNAME=''
PACKAGE_VERSION=''
PATH_RADVD_CONF='${prefix}/etc/radvd.conf'
PATH_RADVD_LOG='/var/log/radvd.log'
PATH_RADVD_PID='/var/run/radvd.pid'
PATH_SEPARATOR=':'
RM='/bin/rm'
SED='/bin/sed'
SET_MAKE=''
SHELL='/bin/bash'
STRIP=''
TAR='/bin/tar'
VERSION='1.1'
YACC='yacc'
YFLAGS=''
ac_ct_CC='gcc'
am__fastdepCC_FALSE='#'
am__fastdepCC_TRUE=''
am__include='include'
am__leading_dot='.'
am__quote=''
am__tar='${AMTAR} chof - "$$tardir"'
am__untar='${AMTAR} xf -'
bindir='${exec_prefix}/bin'
build='i686-pc-linux-gnu'
build_alias=''
build_cpu='i686'
build_os='linux-gnu'
build_vendor='pc'
datadir='${datarootdir}'
datarootdir='${prefix}/share'
docdir='${datarootdir}/doc/${PACKAGE}'
dvidir='${docdir}'
exec_prefix='${prefix}'
host='i686-pc-linux-gnu'
host_alias=''
host_cpu='i686'
host_os='linux-gnu'
host_vendor='pc'
htmldir='${docdir}'
includedir='${prefix}/include'
infodir='${datarootdir}/info'
install_sh='/home/matt/code/NPPlusPlus/radvd-np/install-sh'
libdir='${exec_prefix}/lib'
libexecdir='${exec_prefix}/libexec'
localedir='${datarootdir}/locale'
localstatedir='${prefix}/var'
mandir='${datarootdir}/man'
mkdir_p='mkdir -p --'
oldincludedir='/usr/include'
pdfdir='${docdir}'
prefix='/usr/local'
program_transform_name='s,x,x,'
psdir='${docdir}'
sbindir='${exec_prefix}/sbin'
sharedstatedir='${prefix}/com'
sysconfdir='${prefix}/etc'
target='i686-pc-linux-gnu'
target_alias=''
target_cpu='i686'
target_os='linux-gnu'
target_vendor='pc'

## ----------- ##
## confdefs.h. ##
## ----------- ##

#define PACKAGE_NAME ""
#define PACKAGE_TARNAME ""
#define PACKAGE_VERSION ""
#define PACKAGE_STRING ""
#define PACKAGE_BUGREPORT ""
#define HAVE_LIBC 1
#define STDC_HEADERS 1
#define HAVE_SYS_TYPES_H 1
#define HAVE_SYS_STAT_H 1
#define HAVE_STDLIB_H 1
#define HAVE_STRING_H 1
#define HAVE_MEMORY_H 1
#define HAVE_STRINGS_H 1
#define HAVE_INTTYPES_H 1
#define HAVE_STDINT_H 1
#define HAVE_UNISTD_H 1
#define HAVE_SYS_TIME_H 1
#define TIME_WITH_SYS_TIME 1
#define HAVE_IFADDRS_H 1
#define HAVE_GETOPT_H 1
#define HAVE_INTTYPES_H 1
#define HAVE_NET_IF_ARP_H 1
#define HAVE_SYS_PARAM_H 1
#define HAVE_SIN6_SCOPE_ID 1
#define HAVE_IN6_ADDR_S6_ADDR 1
#define HAVE_GETOPT_LONG 1

configure: exit 0
